[01:48:36.294] [INFO] storybook v10.3.1
[01:48:36.536] [DEBUG] Getting package.json info for /Users/mac/Documents/Work/Openclaw-Office/control-panel/packages/ui/package.json...
[01:48:36.538] [WARN] You are currently using Storybook 10.3.1 but you have packages which are incompatible with it:

- @storybook/blocks@8.6.14 which depends on ^8.6.14
 Repo: https://github.com/storybookjs/storybook/tree/next/code/lib/blocks

Please consider updating your packages or contacting the maintainers for compatibility details.

For more details on compatibility guidance, see:
https://github.com/storybookjs/storybook/issues/32836
[01:48:37.203] [INFO] Starting...
[01:48:37.360] [DEBUG] Starting preview..
[01:48:37.382] [DEBUG] Using tsconfig paths for react-docgen
[01:48:37.382] [ERROR] Failed to build the preview
[01:48:37.384] [ERROR] [38;2;241;97;97mReferenceError: __dirname is not defined[39m
    at Object.viteFinal (file://./.storybook/main.ts:14:42)
    at file:///Users/mac/Documents/Work/Openclaw-Office/control-panel/node_modules/storybook/dist/_node-chunks/chunk-X6B7XGEZ.js:10114:36
    at async createViteServer (file:///Users/mac/Documents/Work/Openclaw-Office/control-panel/node_modules/@storybook/builder-vite/dist/index.js:1532:21)
    at async Module.start (file:///Users/mac/Documents/Work/Openclaw-Office/control-panel/node_modules/@storybook/builder-vite/dist/index.js:1557:17)
    at async storybookDevServer (file:///Users/mac/Documents/Work/Openclaw-Office/control-panel/node_modules/storybook/dist/core-server/index.js:7502:83)
    at async buildOrThrow (file:///Users/mac/Documents/Work/Openclaw-Office/control-panel/node_modules/storybook/dist/core-server/index.js:4508:12)
    at async buildDevStandalone (file:///Users/mac/Documents/Work/Openclaw-Office/control-panel/node_modules/storybook/dist/core-server/index.js:8029:41)
    at async withTelemetry (file:///Users/mac/Documents/Work/Openclaw-Office/control-panel/node_modules/storybook/dist/_node-chunks/chunk-CRA4LABS.js:218:12)
    at async dev (file:///Users/mac/Documents/Work/Openclaw-Office/control-panel/node_modules/storybook/dist/bin/core.js:2736:3)
    at async _Command.<anonymous> (file:///Users/mac/Documents/Work/Openclaw-Office/control-panel/node_modules/storybook/dist/bin/core.js:2806:92)
[01:48:37.388] [WARN] Broken build, fix the error above.
You may need to refresh the browser.